Build started 9/28/2020 7:00:06 AM.
     1>Project "C:\Users\Hamza\Documents\Visual Studio 2010\Projects\Space Odyssey - Group_3\Space Odyssey\Space Odyssey.vcxproj" on node 2 (build target(s)).
     1>InitializeBuildStatus:
         Creating "Debug\Space Odyssey.unsuccessfulbuild" because "AlwaysCreate" was specified.
       ClCompile:
         C:\Program Files (x86)\Microsoft Visual Studio 10.0\VC\bin\CL.exe /c /ZI /nologo /W3 /WX- /Od /Oy- /D _MBCS /Gm /EHsc /RTC1 /MDd /GS /fp:precise /Zc:wchar_t /Zc:forScope /Fo"Debug\\" /Fd"Debug\vc100.pdb" /Gd /TP /analyze- /errorReport:prompt iMain.cpp
         iMain.cpp
     1>c:\users\hamza\documents\visual studio 2010\projects\space odyssey - group_3\space odyssey\imain.cpp(93): warning C4996: 'fopen': This function or variable may be unsafe. Consider using fopen_s instead. To disable deprecation, use _CRT_SECURE_NO_WARNINGS. See online help for details.
                 c:\program files (x86)\microsoft visual studio 10.0\vc\include\stdio.h(234) : see declaration of 'fopen'
     1>c:\users\hamza\documents\visual studio 2010\projects\space odyssey - group_3\space odyssey\imain.cpp(96): warning C4996: 'fscanf': This function or variable may be unsafe. Consider using fscanf_s instead. To disable deprecation, use _CRT_SECURE_NO_WARNINGS. See online help for details.
                 c:\program files (x86)\microsoft visual studio 10.0\vc\include\stdio.h(253) : see declaration of 'fscanf'
     1>c:\users\hamza\documents\visual studio 2010\projects\space odyssey - group_3\space odyssey\imain.cpp(103): warning C4996: 'fopen': This function or variable may be unsafe. Consider using fopen_s instead. To disable deprecation, use _CRT_SECURE_NO_WARNINGS. See online help for details.
                 c:\program files (x86)\microsoft visual studio 10.0\vc\include\stdio.h(234) : see declaration of 'fopen'
       Link:
         C:\Program Files (x86)\Microsoft Visual Studio 10.0\VC\bin\link.exe /ERRORREPORT:PROMPT /OUT:"C:\Users\Hamza\Documents\Visual Studio 2010\Projects\Space Odyssey - Group_3\Debug\Space Odyssey.exe" /NOLOGO kernel32.lib user32.lib gdi32.lib winspool.lib comdlg32.lib advapi32.lib shell32.lib ole32.lib oleaut32.lib uuid.lib odbc32.lib odbccp32.lib /MANIFEST /ManifestFile:"Debug\Space Odyssey.exe.intermediate.manifest" /MANIFESTUAC:"level='asInvoker' uiAccess='false'" /DEBUG /PDB:"C:\Users\Hamza\Documents\Visual Studio 2010\Projects\Space Odyssey - Group_3\Debug\Space Odyssey.pdb" /TLBID:1 /DYNAMICBASE /NXCOMPAT /IMPLIB:"C:\Users\Hamza\Documents\Visual Studio 2010\Projects\Space Odyssey - Group_3\Debug\Space Odyssey.lib" /MACHINE:X86 Debug\iMain.obj
         LINK : C:\Users\Hamza\Documents\Visual Studio 2010\Projects\Space Odyssey - Group_3\Debug\Space Odyssey.exe not found or not built by the last incremental link; performing full link
         Space Odyssey.vcxproj -> C:\Users\Hamza\Documents\Visual Studio 2010\Projects\Space Odyssey - Group_3\Debug\Space Odyssey.exe
       Manifest:
         C:\Program Files (x86)\Microsoft SDKs\Windows\v7.0A\bin\mt.exe /nologo /verbose /outputresource:"C:\Users\Hamza\Documents\Visual Studio 2010\Projects\Space Odyssey - Group_3\Debug\Space Odyssey.exe;#1" /manifest "Debug\Space Odyssey.exe.intermediate.manifest"
       FinalizeBuildStatus:
         Deleting file "Debug\Space Odyssey.unsuccessfulbuild".
         Touching "Debug\Space Odyssey.lastbuildstate".
     1>Done Building Project "C:\Users\Hamza\Documents\Visual Studio 2010\Projects\Space Odyssey - Group_3\Space Odyssey\Space Odyssey.vcxproj" (build target(s)).

Build succeeded.

Time Elapsed 00:00:03.61
